build/app/intermediates/manifest_merge_blame_file/debug/manifest-merger-blame-debug-report.txt
1<?xml version="1.0" encoding="utf-8"?>
2<manifest xmlns:android="http://schemas.android.com/apk/res/android"
3    package="com.mohammad_alameri_soft.manage_malaebna"
4    android:versionCode="1"
5    android:versionName="1.0" >
6
7    <uses-sdk
8        android:minSdkVersion="23"
9        android:targetSdkVersion="35" />
10    <!--
11         The INTERNET permission is required for development. Specifically,
12         the Flutter tool needs it to communicate with the running application
13         to allow setting breakpoints, to provide hot reload, etc.
14    -->
15    <uses-permission android:name="android.permission.INTERNET" />
15-->src\main\AndroidManifest.xml:21:5-22:53
15-->src\main\AndroidManifest.xml:22:9-51
16    <!-- Location Permissions -->
17    <uses-permission android:name="android.permission.ACCESS_FINE_LOCATION" />
17-->src\main\AndroidManifest.xml:4:5-5:65
17-->src\main\AndroidManifest.xml:5:9-63
18    <uses-permission android:name="android.permission.ACCESS_COARSE_LOCATION" /> <!-- Camera Permission -->
18-->src\main\AndroidManifest.xml:6:5-7:67
18-->src\main\AndroidManifest.xml:7:9-65
19    <uses-permission android:name="android.permission.CAMERA" />
19-->src\main\AndroidManifest.xml:9:5-10:51
19-->src\main\AndroidManifest.xml:10:9-49
20
21    <uses-feature android:name="android.hardware.camera" />
21-->src\main\AndroidManifest.xml:11:5-12:49
21-->src\main\AndroidManifest.xml:12:9-47
22    <uses-feature android:name="android.hardware.camera.autofocus" /> <!-- Gallery Permission -->
22-->src\main\AndroidManifest.xml:13:5-14:59
22-->src\main\AndroidManifest.xml:14:9-57
23    <uses-permission android:name="android.permission.READ_EXTERNAL_STORAGE" />
23-->src\main\AndroidManifest.xml:16:5-17:66
23-->src\main\AndroidManifest.xml:17:9-64
24    <uses-permission android:name="android.permission.WRITE_EXTERNAL_STORAGE" /> <!-- Google Maps Permission -->
24-->src\main\AndroidManifest.xml:18:5-19:67
24-->src\main\AndroidManifest.xml:19:9-65
25    <uses-permission android:name="android.permission.ACCESS_NETWORK_STATE" />
25-->src\main\AndroidManifest.xml:24:5-25:65
25-->src\main\AndroidManifest.xml:25:9-63
26    <uses-permission android:name="android.permission.ACCESS_LOCATION_EXTRA_COMMANDS" /> <!-- Required to query activities that can process text -->
26-->src\main\AndroidManifest.xml:26:5-27:75
26-->src\main\AndroidManifest.xml:27:9-73
27    <queries>
27-->src\main\AndroidManifest.xml:67:5-74:15
28        <intent>
28-->src\main\AndroidManifest.xml:68:9-73:18
29            <action android:name="android.intent.action.PROCESS_TEXT" />
29-->src\main\AndroidManifest.xml:69:13-70:68
29-->src\main\AndroidManifest.xml:70:17-66
30
31            <data android:mimeType="text/plain" />
31-->src\main\AndroidManifest.xml:71:13-72:48
31-->src\main\AndroidManifest.xml:72:17-46
32        </intent>
33        <!-- Needs to be explicitly declared on Android R+ -->
34        <package android:name="com.google.android.apps.maps" />
34-->[com.google.android.gms:play-services-maps:18.2.0] AndroidManifest.xml:33:9-64
34-->[com.google.android.gms:play-services-maps:18.2.0] AndroidManifest.xml:33:18-61
35    </queries>
36
37    <uses-feature
37-->[com.google.android.gms:play-services-maps:18.2.0] AndroidManifest.xml:26:5-28:35
38        android:glEsVersion="0x00020000"
38-->[com.google.android.gms:play-services-maps:18.2.0] AndroidManifest.xml:27:9-41
39        android:required="true" />
39-->[com.google.android.gms:play-services-maps:18.2.0] AndroidManifest.xml:28:9-32
40
41    <permission
41-->[androidx.core:core:1.13.1] AndroidManifest.xml:22:5-24:47
42        android:name="com.mohammad_alameri_soft.manage_malaebna.DYNAMIC_RECEIVER_NOT_EXPORTED_PERMISSION"
42-->[androidx.core:core:1.13.1] AndroidManifest.xml:23:9-81
43        android:protectionLevel="signature" />
43-->[androidx.core:core:1.13.1] AndroidManifest.xml:24:9-44
44
45    <uses-permission android:name="com.mohammad_alameri_soft.manage_malaebna.DYNAMIC_RECEIVER_NOT_EXPORTED_PERMISSION" />
45-->[androidx.core:core:1.13.1] AndroidManifest.xml:26:5-97
45-->[androidx.core:core:1.13.1] AndroidManifest.xml:26:22-94
46
47    <application
47-->src\main\AndroidManifest.xml:28:5-65:19
48        android:name="io.flutter.app.FlutterMultiDexApplication"
48-->src\main\AndroidManifest.xml:29:9-65
49        android:allowBackup="true"
49-->src\main\AndroidManifest.xml:32:9-35
50        android:appComponentFactory="androidx.core.app.CoreComponentFactory"
50-->[androidx.core:core:1.13.1] AndroidManifest.xml:28:18-86
51        android:debuggable="true"
52        android:extractNativeLibs="false"
53        android:fullBackupContent="@xml/backup_rules"
53-->src\main\AndroidManifest.xml:33:9-54
54        android:icon="@mipmap/ic_launcher"
54-->src\main\AndroidManifest.xml:31:9-43
55        android:label="manage_malaebna" >
55-->src\main\AndroidManifest.xml:30:9-40
56
57        <!-- Google Maps API Key -->
58        <meta-data
58-->src\main\AndroidManifest.xml:36:9-38:70
59            android:name="com.google.android.geo.API_KEY"
59-->src\main\AndroidManifest.xml:37:13-58
60            android:value="AIzaSyBg0iEXruxElErZVP-vE-uVQNuBKrfWlrs" />
60-->src\main\AndroidManifest.xml:38:13-68
61
62        <activity
62-->src\main\AndroidManifest.xml:39:9-59:20
63            android:name="com.mohammad_alameri_soft.manage_malaebna.MainActivity"
63-->src\main\AndroidManifest.xml:40:13-41
64            android:configChanges="orientation|keyboardHidden|keyboard|screenSize|smallestScreenSize|locale|layoutDirection|fontScale|screenLayout|density|uiMode"
64-->src\main\AndroidManifest.xml:44:13-163
65            android:exported="true"
65-->src\main\AndroidManifest.xml:41:13-36
66            android:hardwareAccelerated="true"
66-->src\main\AndroidManifest.xml:45:13-47
67            android:launchMode="singleTop"
67-->src\main\AndroidManifest.xml:42:13-43
68            android:screenOrientation="portrait"
68-->src\main\AndroidManifest.xml:47:13-49
69            android:theme="@style/LaunchTheme"
69-->src\main\AndroidManifest.xml:43:13-47
70            android:windowSoftInputMode="adjustResize" >
70-->src\main\AndroidManifest.xml:46:13-55
71
72            <!--
73                 Specifies an Android theme to apply to this Activity as soon as
74                 the Android process has started. This theme is visible to the user
75                 while the Flutter UI initializes. After that, this theme continues
76                 to determine the Window background behind the Flutter UI.
77            -->
78            <meta-data
78-->src\main\AndroidManifest.xml:52:13-54:56
79                android:name="io.flutter.embedding.android.NormalTheme"
79-->src\main\AndroidManifest.xml:53:17-72
80                android:resource="@style/NormalTheme" />
80-->src\main\AndroidManifest.xml:54:17-54
81
82            <intent-filter>
82-->src\main\AndroidManifest.xml:55:13-58:29
83                <action android:name="android.intent.action.MAIN" />
83-->src\main\AndroidManifest.xml:56:17-68
83-->src\main\AndroidManifest.xml:56:25-66
84
85                <category android:name="android.intent.category.LAUNCHER" />
85-->src\main\AndroidManifest.xml:57:17-76
85-->src\main\AndroidManifest.xml:57:27-74
86            </intent-filter>
87        </activity>
88        <!--
89             Don't delete the meta-data below.
90             This is used by the Flutter tool to generate GeneratedPluginRegistrant.java
91        -->
92        <meta-data
92-->src\main\AndroidManifest.xml:62:9-64:32
93            android:name="flutterEmbedding"
93-->src\main\AndroidManifest.xml:63:13-44
94            android:value="2" />
94-->src\main\AndroidManifest.xml:64:13-30
95
96        <service
96-->[:geolocator_android] AndroidManifest.xml:8:9-12:56
97            android:name="com.baseflow.geolocator.GeolocatorLocationService"
97-->[:geolocator_android] AndroidManifest.xml:9:13-77
98            android:enabled="true"
98-->[:geolocator_android] AndroidManifest.xml:10:13-35
99            android:exported="false"
99-->[:geolocator_android] AndroidManifest.xml:11:13-37
100            android:foregroundServiceType="location" />
100-->[:geolocator_android] AndroidManifest.xml:12:13-53
101
102        <provider
102-->[:image_picker_android] AndroidManifest.xml:9:9-17:20
103            android:name="io.flutter.plugins.imagepicker.ImagePickerFileProvider"
103-->[:image_picker_android] AndroidManifest.xml:10:13-82
104            android:authorities="com.mohammad_alameri_soft.manage_malaebna.flutter.image_provider"
104-->[:image_picker_android] AndroidManifest.xml:11:13-74
105            android:exported="false"
105-->[:image_picker_android] AndroidManifest.xml:12:13-37
106            android:grantUriPermissions="true" >
106-->[:image_picker_android] AndroidManifest.xml:13:13-47
107            <meta-data
107-->[:image_picker_android] AndroidManifest.xml:14:13-16:75
108                android:name="android.support.FILE_PROVIDER_PATHS"
108-->[:image_picker_android] AndroidManifest.xml:15:17-67
109                android:resource="@xml/flutter_image_picker_file_paths" />
109-->[:image_picker_android] AndroidManifest.xml:16:17-72
110        </provider> <!-- Trigger Google Play services to install the backported photo picker module. -->
111        <service
111-->[:image_picker_android] AndroidManifest.xml:19:9-31:19
112            android:name="com.google.android.gms.metadata.ModuleDependencies"
112-->[:image_picker_android] AndroidManifest.xml:20:13-78
113            android:enabled="false"
113-->[:image_picker_android] AndroidManifest.xml:21:13-36
114            android:exported="false" >
114-->[:image_picker_android] AndroidManifest.xml:22:13-37
115            <intent-filter>
115-->[:image_picker_android] AndroidManifest.xml:24:13-26:29
116                <action android:name="com.google.android.gms.metadata.MODULE_DEPENDENCIES" />
116-->[:image_picker_android] AndroidManifest.xml:25:17-94
116-->[:image_picker_android] AndroidManifest.xml:25:25-91
117            </intent-filter>
118
119            <meta-data
119-->[:image_picker_android] AndroidManifest.xml:28:13-30:36
120                android:name="photopicker_activity:0:required"
120-->[:image_picker_android] AndroidManifest.xml:29:17-63
121                android:value="" />
121-->[:image_picker_android] AndroidManifest.xml:30:17-33
122        </service>
123
124        <activity
124-->[:url_launcher_android] AndroidManifest.xml:8:9-11:74
125            android:name="io.flutter.plugins.urllauncher.WebViewActivity"
125-->[:url_launcher_android] AndroidManifest.xml:9:13-74
126            android:exported="false"
126-->[:url_launcher_android] AndroidManifest.xml:10:13-37
127            android:theme="@android:style/Theme.NoTitleBar.Fullscreen" /> <!-- Needs to be explicitly declared on P+ -->
127-->[:url_launcher_android] AndroidManifest.xml:11:13-71
128        <uses-library
128-->[com.google.android.gms:play-services-maps:18.2.0] AndroidManifest.xml:39:9-41:40
129            android:name="org.apache.http.legacy"
129-->[com.google.android.gms:play-services-maps:18.2.0] AndroidManifest.xml:40:13-50
130            android:required="false" />
130-->[com.google.android.gms:play-services-maps:18.2.0] AndroidManifest.xml:41:13-37
131
132        <activity
132-->[com.google.android.gms:play-services-base:18.3.0] AndroidManifest.xml:20:9-22:45
133            android:name="com.google.android.gms.common.api.GoogleApiActivity"
133-->[com.google.android.gms:play-services-base:18.3.0] AndroidManifest.xml:20:19-85
134            android:exported="false"
134-->[com.google.android.gms:play-services-base:18.3.0] AndroidManifest.xml:22:19-43
135            android:theme="@android:style/Theme.Translucent.NoTitleBar" />
135-->[com.google.android.gms:play-services-base:18.3.0] AndroidManifest.xml:21:19-78
136
137        <meta-data
137-->[com.google.android.gms:play-services-basement:18.3.0] AndroidManifest.xml:21:9-23:69
138            android:name="com.google.android.gms.version"
138-->[com.google.android.gms:play-services-basement:18.3.0] AndroidManifest.xml:22:13-58
139            android:value="@integer/google_play_services_version" />
139-->[com.google.android.gms:play-services-basement:18.3.0] AndroidManifest.xml:23:13-66
140
141        <provider
141-->[androidx.emoji2:emoji2:1.2.0] AndroidManifest.xml:24:9-32:20
142            android:name="androidx.startup.InitializationProvider"
142-->[androidx.emoji2:emoji2:1.2.0] AndroidManifest.xml:25:13-67
143            android:authorities="com.mohammad_alameri_soft.manage_malaebna.androidx-startup"
143-->[androidx.emoji2:emoji2:1.2.0] AndroidManifest.xml:26:13-68
144            android:exported="false" >
144-->[androidx.emoji2:emoji2:1.2.0] AndroidManifest.xml:27:13-37
145            <meta-data
145-->[androidx.emoji2:emoji2:1.2.0] AndroidManifest.xml:29:13-31:52
146                android:name="androidx.emoji2.text.EmojiCompatInitializer"
146-->[androidx.emoji2:emoji2:1.2.0] AndroidManifest.xml:30:17-75
147                android:value="androidx.startup" />
147-->[androidx.emoji2:emoji2:1.2.0] AndroidManifest.xml:31:17-49
148            <meta-data
148-->[androidx.lifecycle:lifecycle-process:2.7.0] AndroidManifest.xml:29:13-31:52
149                android:name="androidx.lifecycle.ProcessLifecycleInitializer"
149-->[androidx.lifecycle:lifecycle-process:2.7.0] AndroidManifest.xml:30:17-78
150                android:value="androidx.startup" />
150-->[androidx.lifecycle:lifecycle-process:2.7.0] AndroidManifest.xml:31:17-49
151            <meta-data
151-->[androidx.profileinstaller:profileinstaller:1.3.1] AndroidManifest.xml:29:13-31:52
152                android:name="androidx.profileinstaller.ProfileInstallerInitializer"
152-->[androidx.profileinstaller:profileinstaller:1.3.1] AndroidManifest.xml:30:17-85
153                android:value="androidx.startup" />
153-->[androidx.profileinstaller:profileinstaller:1.3.1] AndroidManifest.xml:31:17-49
154        </provider>
155
156        <uses-library
156-->[androidx.window:window:1.2.0] AndroidManifest.xml:23:9-25:40
157            android:name="androidx.window.extensions"
157-->[androidx.window:window:1.2.0] AndroidManifest.xml:24:13-54
158            android:required="false" />
158-->[androidx.window:window:1.2.0] AndroidManifest.xml:25:13-37
159        <uses-library
159-->[androidx.window:window:1.2.0] AndroidManifest.xml:26:9-28:40
160            android:name="androidx.window.sidecar"
160-->[androidx.window:window:1.2.0] AndroidManifest.xml:27:13-51
161            android:required="false" />
161-->[androidx.window:window:1.2.0] AndroidManifest.xml:28:13-37
162
163        <provider
163-->[io.sentry:sentry-android-core:7.22.4] AndroidManifest.xml:16:9-20:39
164            android:name="io.sentry.android.core.SentryPerformanceProvider"
164-->[io.sentry:sentry-android-core:7.22.4] AndroidManifest.xml:17:13-76
165            android:authorities="com.mohammad_alameri_soft.manage_malaebna.SentryPerformanceProvider"
165-->[io.sentry:sentry-android-core:7.22.4] AndroidManifest.xml:18:13-77
166            android:exported="false"
166-->[io.sentry:sentry-android-core:7.22.4] AndroidManifest.xml:19:13-37
167            android:initOrder="200" />
167-->[io.sentry:sentry-android-core:7.22.4] AndroidManifest.xml:20:13-36
168
169        <receiver
169-->[androidx.profileinstaller:profileinstaller:1.3.1] AndroidManifest.xml:34:9-52:20
170            android:name="androidx.profileinstaller.ProfileInstallReceiver"
170-->[androidx.profileinstaller:profileinstaller:1.3.1] AndroidManifest.xml:35:13-76
171            android:directBootAware="false"
171-->[androidx.profileinstaller:profileinstaller:1.3.1] AndroidManifest.xml:36:13-44
172            android:enabled="true"
172-->[androidx.profileinstaller:profileinstaller:1.3.1] AndroidManifest.xml:37:13-35
173            android:exported="true"
173-->[androidx.profileinstaller:profileinstaller:1.3.1] AndroidManifest.xml:38:13-36
174            android:permission="android.permission.DUMP" >
174-->[androidx.profileinstaller:profileinstaller:1.3.1] AndroidManifest.xml:39:13-57
175            <intent-filter>
175-->[androidx.profileinstaller:profileinstaller:1.3.1] AndroidManifest.xml:40:13-42:29
176                <action android:name="androidx.profileinstaller.action.INSTALL_PROFILE" />
176-->[androidx.profileinstaller:profileinstaller:1.3.1] AndroidManifest.xml:41:17-91
176-->[androidx.profileinstaller:profileinstaller:1.3.1] AndroidManifest.xml:41:25-88
177            </intent-filter>
178            <intent-filter>
178-->[androidx.profileinstaller:profileinstaller:1.3.1] AndroidManifest.xml:43:13-45:29
179                <action android:name="androidx.profileinstaller.action.SKIP_FILE" />
179-->[androidx.profileinstaller:profileinstaller:1.3.1] AndroidManifest.xml:44:17-85
179-->[androidx.profileinstaller:profileinstaller:1.3.1] AndroidManifest.xml:44:25-82
180            </intent-filter>
181            <intent-filter>
181-->[androidx.profileinstaller:profileinstaller:1.3.1] AndroidManifest.xml:46:13-48:29
182                <action android:name="androidx.profileinstaller.action.SAVE_PROFILE" />
182-->[androidx.profileinstaller:profileinstaller:1.3.1] AndroidManifest.xml:47:17-88
182-->[androidx.profileinstaller:profileinstaller:1.3.1] AndroidManifest.xml:47:25-85
183            </intent-filter>
184            <intent-filter>
184-->[androidx.profileinstaller:profileinstaller:1.3.1] AndroidManifest.xml:49:13-51:29
185                <action android:name="androidx.profileinstaller.action.BENCHMARK_OPERATION" />
185-->[androidx.profileinstaller:profileinstaller:1.3.1] AndroidManifest.xml:50:17-95
185-->[androidx.profileinstaller:profileinstaller:1.3.1] AndroidManifest.xml:50:25-92
186            </intent-filter>
187        </receiver>
188    </application>
189
190</manifest>